<?xml version="1.0" encoding="UTF-8"?>
<testng-results ignored="0" total="1" passed="1" failed="0" skipped="0">
  <reporter-output>
  </reporter-output>
  <suite started-at="2021-01-03T21:15:38 IST" name="Default suite" finished-at="2021-01-03T21:16:31 IST" duration-ms="52521">
    <groups>
    </groups>
    <test started-at="2021-01-03T21:15:38 IST" name="Default test" finished-at="2021-01-03T21:16:31 IST" duration-ms="52521">
      <class name="com.goibibo.qa.testcases.LoginTest">
        <test-method is-config="true" signature="setUp()[pri:0, instance:com.goibibo.qa.testcases.LoginTest@40cb8df7]" started-at="2021-01-03T21:15:38 IST" name="setUp" finished-at="2021-01-03T21:15:48 IST" duration-ms="10086" status="PASS">
          <reporter-output>
          </reporter-output>
        </test-method> <!-- setUp -->
        <test-method signature="verifyLoginWithValidCred()[pri:0, instance:com.goibibo.qa.testcases.LoginTest@40cb8df7]" started-at="2021-01-03T21:15:48 IST" name="verifyLoginWithValidCred" finished-at="2021-01-03T21:16:30 IST" duration-ms="42380" status="PASS">
          <reporter-output>
          </reporter-output>
        </test-method> <!-- verifyLoginWithValidCred -->
      </class> <!-- com.goibibo.qa.testcases.LoginTest -->
    </test> <!-- Default test -->
  </suite> <!-- Default suite -->
</testng-results>
